<?xml version="1.0" encoding="UTF-8"?>
<!-- Generated by org.testng.reporters.JUnitReportReporter -->
<testsuite hostname="Sachins-MacBook-Air.local" failures="0" tests="1" name="tests.AppTest" time="22.714" errors="0" timestamp="2021-04-15T00:21:04 IST" skipped="0">
  <testcase classname="tests.AppTest" name="SampleSeleniumTest" time="22.714"/>
  <system-out/>
</testsuite> <!-- tests.AppTest -->
