<?xml version="1.0" encoding="UTF-8"?>
<!-- Generated by org.testng.reporters.JUnitReportReporter -->
<testsuite hostname="Sachins-MacBook-Air.local" failures="0" tests="1" name="tests.SeleniumTest" time="20.438" errors="0" timestamp="2021-04-15T00:21:04 IST" skipped="0">
  <testcase classname="tests.SeleniumTest" name="SampleSeleniumTest" time="20.438"/>
  <system-out/>
</testsuite> <!-- tests.SeleniumTest -->
